<?xml version="1.0" encoding="UTF-8"?>
<testng-results ignored="0" total="1" passed="1" failed="0" skipped="0">
  <reporter-output>
  </reporter-output>
  <suite started-at="2024-03-01T21:58:51 IST" name="Default suite" finished-at="2024-03-01T21:59:14 IST" duration-ms="23014">
    <groups>
    </groups>
    <test started-at="2024-03-01T21:58:51 IST" name="Default test" finished-at="2024-03-01T21:59:14 IST" duration-ms="23014">
      <class name="testCases.LoginTestCase">
        <test-method is-config="true" signature="setUP()[pri:0, instance:testCases.LoginTestCase@62ddbd7e]" started-at="2024-03-01T21:58:51 IST" name="setUP" finished-at="2024-03-01T21:59:01 IST" duration-ms="9540" status="PASS">
          <reporter-output>
          </reporter-output>
        </test-method> <!-- setUP -->
        <test-method signature="register()[pri:1, instance:testCases.LoginTestCase@62ddbd7e]" started-at="2024-03-01T21:59:01 IST" name="register" finished-at="2024-03-01T21:59:14 IST" duration-ms="13400" status="PASS">
          <reporter-output>
          </reporter-output>
        </test-method> <!-- register -->
      </class> <!-- testCases.LoginTestCase -->
    </test> <!-- Default test -->
  </suite> <!-- Default suite -->
</testng-results>
